  BVHNode.cpp
C:\Users\Sukrit Ganesh\Documents\UIUC_Material\Semester4\CS419\Assignments_CPP\MP2_AcceleratedRayTracing\MP2_AcceleratedRayTracing\Arithmetic.h(241,24): warning C4267: 'argument': conversion from 'size_t' to 'const int', possible loss of data
C:\Users\Sukrit Ganesh\Documents\UIUC_Material\Semester4\CS419\Assignments_CPP\MP2_AcceleratedRayTracing\MP2_AcceleratedRayTracing\Arithmetic.h(241,33): warning C4267: 'argument': conversion from 'size_t' to 'const int', possible loss of data
C:\Users\Sukrit Ganesh\Documents\UIUC_Material\Semester4\CS419\Assignments_CPP\MP2_AcceleratedRayTracing\MP2_AcceleratedRayTracing\Arithmetic.h(241,75): warning C4267: 'argument': conversion from 'size_t' to 'const int', possible loss of data
C:\Users\Sukrit Ganesh\Documents\UIUC_Material\Semester4\CS419\Assignments_CPP\MP2_AcceleratedRayTracing\MP2_AcceleratedRayTracing\Arithmetic.h(241,84): warning C4267: 'argument': conversion from 'size_t' to 'const int', possible loss of data
C:\Users\Sukrit Ganesh\Documents\UIUC_Material\Semester4\CS419\Assignments_CPP\MP2_AcceleratedRayTracing\MP2_AcceleratedRayTracing\Arithmetic.h(249,20): warning C4244: 'return': conversion from 'double' to 'int', possible loss of data
  Camera.cpp
C:\Users\Sukrit Ganesh\Documents\UIUC_Material\Semester4\CS419\Assignments_CPP\MP2_AcceleratedRayTracing\MP2_AcceleratedRayTracing\Arithmetic.h(241,24): warning C4267: 'argument': conversion from 'size_t' to 'const int', possible loss of data
C:\Users\Sukrit Ganesh\Documents\UIUC_Material\Semester4\CS419\Assignments_CPP\MP2_AcceleratedRayTracing\MP2_AcceleratedRayTracing\Arithmetic.h(241,33): warning C4267: 'argument': conversion from 'size_t' to 'const int', possible loss of data
C:\Users\Sukrit Ganesh\Documents\UIUC_Material\Semester4\CS419\Assignments_CPP\MP2_AcceleratedRayTracing\MP2_AcceleratedRayTracing\Arithmetic.h(241,75): warning C4267: 'argument': conversion from 'size_t' to 'const int', possible loss of data
C:\Users\Sukrit Ganesh\Documents\UIUC_Material\Semester4\CS419\Assignments_CPP\MP2_AcceleratedRayTracing\MP2_AcceleratedRayTracing\Arithmetic.h(241,84): warning C4267: 'argument': conversion from 'size_t' to 'const int', possible loss of data
C:\Users\Sukrit Ganesh\Documents\UIUC_Material\Semester4\CS419\Assignments_CPP\MP2_AcceleratedRayTracing\MP2_AcceleratedRayTracing\Arithmetic.h(249,20): warning C4244: 'return': conversion from 'double' to 'int', possible loss of data
C:\Users\Sukrit Ganesh\Documents\UIUC_Material\Semester4\CS419\Assignments_CPP\MP2_AcceleratedRayTracing\MP2_AcceleratedRayTracing\Camera.h(20,28): warning C4244: 'initializing': conversion from 'double' to 'const int', possible loss of data
  LightSource.cpp
C:\Users\Sukrit Ganesh\Documents\UIUC_Material\Semester4\CS419\Assignments_CPP\MP2_AcceleratedRayTracing\MP2_AcceleratedRayTracing\Arithmetic.h(241,24): warning C4267: 'argument': conversion from 'size_t' to 'const int', possible loss of data
C:\Users\Sukrit Ganesh\Documents\UIUC_Material\Semester4\CS419\Assignments_CPP\MP2_AcceleratedRayTracing\MP2_AcceleratedRayTracing\Arithmetic.h(241,33): warning C4267: 'argument': conversion from 'size_t' to 'const int', possible loss of data
C:\Users\Sukrit Ganesh\Documents\UIUC_Material\Semester4\CS419\Assignments_CPP\MP2_AcceleratedRayTracing\MP2_AcceleratedRayTracing\Arithmetic.h(241,75): warning C4267: 'argument': conversion from 'size_t' to 'const int', possible loss of data
C:\Users\Sukrit Ganesh\Documents\UIUC_Material\Semester4\CS419\Assignments_CPP\MP2_AcceleratedRayTracing\MP2_AcceleratedRayTracing\Arithmetic.h(241,84): warning C4267: 'argument': conversion from 'size_t' to 'const int', possible loss of data
C:\Users\Sukrit Ganesh\Documents\UIUC_Material\Semester4\CS419\Assignments_CPP\MP2_AcceleratedRayTracing\MP2_AcceleratedRayTracing\Arithmetic.h(249,20): warning C4244: 'return': conversion from 'double' to 'int', possible loss of data
  MP2_AcceleratedRayTracing.cpp
  The contents of <filesystem> are available only with C++17 or later.
C:\Users\Sukrit Ganesh\Documents\UIUC_Material\Semester4\CS419\Assignments_CPP\MP2_AcceleratedRayTracing\MP2_AcceleratedRayTracing\Arithmetic.h(241,24): warning C4267: 'argument': conversion from 'size_t' to 'const int', possible loss of data
C:\Users\Sukrit Ganesh\Documents\UIUC_Material\Semester4\CS419\Assignments_CPP\MP2_AcceleratedRayTracing\MP2_AcceleratedRayTracing\Arithmetic.h(241,33): warning C4267: 'argument': conversion from 'size_t' to 'const int', possible loss of data
C:\Users\Sukrit Ganesh\Documents\UIUC_Material\Semester4\CS419\Assignments_CPP\MP2_AcceleratedRayTracing\MP2_AcceleratedRayTracing\Arithmetic.h(241,75): warning C4267: 'argument': conversion from 'size_t' to 'const int', possible loss of data
C:\Users\Sukrit Ganesh\Documents\UIUC_Material\Semester4\CS419\Assignments_CPP\MP2_AcceleratedRayTracing\MP2_AcceleratedRayTracing\Arithmetic.h(241,84): warning C4267: 'argument': conversion from 'size_t' to 'const int', possible loss of data
C:\Users\Sukrit Ganesh\Documents\UIUC_Material\Semester4\CS419\Assignments_CPP\MP2_AcceleratedRayTracing\MP2_AcceleratedRayTracing\Arithmetic.h(249,20): warning C4244: 'return': conversion from 'double' to 'int', possible loss of data
C:\Users\Sukrit Ganesh\Documents\UIUC_Material\Semester4\CS419\Assignments_CPP\MP2_AcceleratedRayTracing\MP2_AcceleratedRayTracing\Camera.h(20,28): warning C4244: 'initializing': conversion from 'double' to 'const int', possible loss of data
  Object.cpp
C:\Users\Sukrit Ganesh\Documents\UIUC_Material\Semester4\CS419\Assignments_CPP\MP2_AcceleratedRayTracing\MP2_AcceleratedRayTracing\Arithmetic.h(241,24): warning C4267: 'argument': conversion from 'size_t' to 'const int', possible loss of data
C:\Users\Sukrit Ganesh\Documents\UIUC_Material\Semester4\CS419\Assignments_CPP\MP2_AcceleratedRayTracing\MP2_AcceleratedRayTracing\Arithmetic.h(241,33): warning C4267: 'argument': conversion from 'size_t' to 'const int', possible loss of data
C:\Users\Sukrit Ganesh\Documents\UIUC_Material\Semester4\CS419\Assignments_CPP\MP2_AcceleratedRayTracing\MP2_AcceleratedRayTracing\Arithmetic.h(241,75): warning C4267: 'argument': conversion from 'size_t' to 'const int', possible loss of data
C:\Users\Sukrit Ganesh\Documents\UIUC_Material\Semester4\CS419\Assignments_CPP\MP2_AcceleratedRayTracing\MP2_AcceleratedRayTracing\Arithmetic.h(241,84): warning C4267: 'argument': conversion from 'size_t' to 'const int', possible loss of data
C:\Users\Sukrit Ganesh\Documents\UIUC_Material\Semester4\CS419\Assignments_CPP\MP2_AcceleratedRayTracing\MP2_AcceleratedRayTracing\Arithmetic.h(249,20): warning C4244: 'return': conversion from 'double' to 'int', possible loss of data
  Plane.cpp
C:\Users\Sukrit Ganesh\Documents\UIUC_Material\Semester4\CS419\Assignments_CPP\MP2_AcceleratedRayTracing\MP2_AcceleratedRayTracing\Arithmetic.h(241,24): warning C4267: 'argument': conversion from 'size_t' to 'const int', possible loss of data
C:\Users\Sukrit Ganesh\Documents\UIUC_Material\Semester4\CS419\Assignments_CPP\MP2_AcceleratedRayTracing\MP2_AcceleratedRayTracing\Arithmetic.h(241,33): warning C4267: 'argument': conversion from 'size_t' to 'const int', possible loss of data
C:\Users\Sukrit Ganesh\Documents\UIUC_Material\Semester4\CS419\Assignments_CPP\MP2_AcceleratedRayTracing\MP2_AcceleratedRayTracing\Arithmetic.h(241,75): warning C4267: 'argument': conversion from 'size_t' to 'const int', possible loss of data
C:\Users\Sukrit Ganesh\Documents\UIUC_Material\Semester4\CS419\Assignments_CPP\MP2_AcceleratedRayTracing\MP2_AcceleratedRayTracing\Arithmetic.h(241,84): warning C4267: 'argument': conversion from 'size_t' to 'const int', possible loss of data
C:\Users\Sukrit Ganesh\Documents\UIUC_Material\Semester4\CS419\Assignments_CPP\MP2_AcceleratedRayTracing\MP2_AcceleratedRayTracing\Arithmetic.h(249,20): warning C4244: 'return': conversion from 'double' to 'int', possible loss of data
  PointLightSource.cpp
C:\Users\Sukrit Ganesh\Documents\UIUC_Material\Semester4\CS419\Assignments_CPP\MP2_AcceleratedRayTracing\MP2_AcceleratedRayTracing\Arithmetic.h(241,24): warning C4267: 'argument': conversion from 'size_t' to 'const int', possible loss of data
C:\Users\Sukrit Ganesh\Documents\UIUC_Material\Semester4\CS419\Assignments_CPP\MP2_AcceleratedRayTracing\MP2_AcceleratedRayTracing\Arithmetic.h(241,33): warning C4267: 'argument': conversion from 'size_t' to 'const int', possible loss of data
C:\Users\Sukrit Ganesh\Documents\UIUC_Material\Semester4\CS419\Assignments_CPP\MP2_AcceleratedRayTracing\MP2_AcceleratedRayTracing\Arithmetic.h(241,75): warning C4267: 'argument': conversion from 'size_t' to 'const int', possible loss of data
C:\Users\Sukrit Ganesh\Documents\UIUC_Material\Semester4\CS419\Assignments_CPP\MP2_AcceleratedRayTracing\MP2_AcceleratedRayTracing\Arithmetic.h(241,84): warning C4267: 'argument': conversion from 'size_t' to 'const int', possible loss of data
C:\Users\Sukrit Ganesh\Documents\UIUC_Material\Semester4\CS419\Assignments_CPP\MP2_AcceleratedRayTracing\MP2_AcceleratedRayTracing\Arithmetic.h(249,20): warning C4244: 'return': conversion from 'double' to 'int', possible loss of data
  SceneObject.cpp
C:\Users\Sukrit Ganesh\Documents\UIUC_Material\Semester4\CS419\Assignments_CPP\MP2_AcceleratedRayTracing\MP2_AcceleratedRayTracing\Arithmetic.h(241,24): warning C4267: 'argument': conversion from 'size_t' to 'const int', possible loss of data
C:\Users\Sukrit Ganesh\Documents\UIUC_Material\Semester4\CS419\Assignments_CPP\MP2_AcceleratedRayTracing\MP2_AcceleratedRayTracing\Arithmetic.h(241,33): warning C4267: 'argument': conversion from 'size_t' to 'const int', possible loss of data
C:\Users\Sukrit Ganesh\Documents\UIUC_Material\Semester4\CS419\Assignments_CPP\MP2_AcceleratedRayTracing\MP2_AcceleratedRayTracing\Arithmetic.h(241,75): warning C4267: 'argument': conversion from 'size_t' to 'const int', possible loss of data
C:\Users\Sukrit Ganesh\Documents\UIUC_Material\Semester4\CS419\Assignments_CPP\MP2_AcceleratedRayTracing\MP2_AcceleratedRayTracing\Arithmetic.h(241,84): warning C4267: 'argument': conversion from 'size_t' to 'const int', possible loss of data
C:\Users\Sukrit Ganesh\Documents\UIUC_Material\Semester4\CS419\Assignments_CPP\MP2_AcceleratedRayTracing\MP2_AcceleratedRayTracing\Arithmetic.h(249,20): warning C4244: 'return': conversion from 'double' to 'int', possible loss of data
  Sphere.cpp
C:\Users\Sukrit Ganesh\Documents\UIUC_Material\Semester4\CS419\Assignments_CPP\MP2_AcceleratedRayTracing\MP2_AcceleratedRayTracing\Arithmetic.h(241,24): warning C4267: 'argument': conversion from 'size_t' to 'const int', possible loss of data
C:\Users\Sukrit Ganesh\Documents\UIUC_Material\Semester4\CS419\Assignments_CPP\MP2_AcceleratedRayTracing\MP2_AcceleratedRayTracing\Arithmetic.h(241,33): warning C4267: 'argument': conversion from 'size_t' to 'const int', possible loss of data
C:\Users\Sukrit Ganesh\Documents\UIUC_Material\Semester4\CS419\Assignments_CPP\MP2_AcceleratedRayTracing\MP2_AcceleratedRayTracing\Arithmetic.h(241,75): warning C4267: 'argument': conversion from 'size_t' to 'const int', possible loss of data
C:\Users\Sukrit Ganesh\Documents\UIUC_Material\Semester4\CS419\Assignments_CPP\MP2_AcceleratedRayTracing\MP2_AcceleratedRayTracing\Arithmetic.h(241,84): warning C4267: 'argument': conversion from 'size_t' to 'const int', possible loss of data
C:\Users\Sukrit Ganesh\Documents\UIUC_Material\Semester4\CS419\Assignments_CPP\MP2_AcceleratedRayTracing\MP2_AcceleratedRayTracing\Arithmetic.h(249,20): warning C4244: 'return': conversion from 'double' to 'int', possible loss of data
  Triangle.cpp
C:\Users\Sukrit Ganesh\Documents\UIUC_Material\Semester4\CS419\Assignments_CPP\MP2_AcceleratedRayTracing\MP2_AcceleratedRayTracing\Arithmetic.h(241,24): warning C4267: 'argument': conversion from 'size_t' to 'const int', possible loss of data
C:\Users\Sukrit Ganesh\Documents\UIUC_Material\Semester4\CS419\Assignments_CPP\MP2_AcceleratedRayTracing\MP2_AcceleratedRayTracing\Arithmetic.h(241,33): warning C4267: 'argument': conversion from 'size_t' to 'const int', possible loss of data
C:\Users\Sukrit Ganesh\Documents\UIUC_Material\Semester4\CS419\Assignments_CPP\MP2_AcceleratedRayTracing\MP2_AcceleratedRayTracing\Arithmetic.h(241,75): warning C4267: 'argument': conversion from 'size_t' to 'const int', possible loss of data
C:\Users\Sukrit Ganesh\Documents\UIUC_Material\Semester4\CS419\Assignments_CPP\MP2_AcceleratedRayTracing\MP2_AcceleratedRayTracing\Arithmetic.h(241,84): warning C4267: 'argument': conversion from 'size_t' to 'const int', possible loss of data
C:\Users\Sukrit Ganesh\Documents\UIUC_Material\Semester4\CS419\Assignments_CPP\MP2_AcceleratedRayTracing\MP2_AcceleratedRayTracing\Arithmetic.h(249,20): warning C4244: 'return': conversion from 'double' to 'int', possible loss of data
  TriangleMesh.cpp
C:\Users\Sukrit Ganesh\Documents\UIUC_Material\Semester4\CS419\Assignments_CPP\MP2_AcceleratedRayTracing\MP2_AcceleratedRayTracing\Arithmetic.h(241,24): warning C4267: 'argument': conversion from 'size_t' to 'const int', possible loss of data
C:\Users\Sukrit Ganesh\Documents\UIUC_Material\Semester4\CS419\Assignments_CPP\MP2_AcceleratedRayTracing\MP2_AcceleratedRayTracing\Arithmetic.h(241,33): warning C4267: 'argument': conversion from 'size_t' to 'const int', possible loss of data
C:\Users\Sukrit Ganesh\Documents\UIUC_Material\Semester4\CS419\Assignments_CPP\MP2_AcceleratedRayTracing\MP2_AcceleratedRayTracing\Arithmetic.h(241,75): warning C4267: 'argument': conversion from 'size_t' to 'const int', possible loss of data
C:\Users\Sukrit Ganesh\Documents\UIUC_Material\Semester4\CS419\Assignments_CPP\MP2_AcceleratedRayTracing\MP2_AcceleratedRayTracing\Arithmetic.h(241,84): warning C4267: 'argument': conversion from 'size_t' to 'const int', possible loss of data
C:\Users\Sukrit Ganesh\Documents\UIUC_Material\Semester4\CS419\Assignments_CPP\MP2_AcceleratedRayTracing\MP2_AcceleratedRayTracing\Arithmetic.h(249,20): warning C4244: 'return': conversion from 'double' to 'int', possible loss of data
  World.cpp
C:\Users\Sukrit Ganesh\Documents\UIUC_Material\Semester4\CS419\Assignments_CPP\MP2_AcceleratedRayTracing\MP2_AcceleratedRayTracing\Arithmetic.h(241,24): warning C4267: 'argument': conversion from 'size_t' to 'const int', possible loss of data
C:\Users\Sukrit Ganesh\Documents\UIUC_Material\Semester4\CS419\Assignments_CPP\MP2_AcceleratedRayTracing\MP2_AcceleratedRayTracing\Arithmetic.h(241,33): warning C4267: 'argument': conversion from 'size_t' to 'const int', possible loss of data
C:\Users\Sukrit Ganesh\Documents\UIUC_Material\Semester4\CS419\Assignments_CPP\MP2_AcceleratedRayTracing\MP2_AcceleratedRayTracing\Arithmetic.h(241,75): warning C4267: 'argument': conversion from 'size_t' to 'const int', possible loss of data
C:\Users\Sukrit Ganesh\Documents\UIUC_Material\Semester4\CS419\Assignments_CPP\MP2_AcceleratedRayTracing\MP2_AcceleratedRayTracing\Arithmetic.h(241,84): warning C4267: 'argument': conversion from 'size_t' to 'const int', possible loss of data
C:\Users\Sukrit Ganesh\Documents\UIUC_Material\Semester4\CS419\Assignments_CPP\MP2_AcceleratedRayTracing\MP2_AcceleratedRayTracing\Arithmetic.h(249,20): warning C4244: 'return': conversion from 'double' to 'int', possible loss of data
C:\Users\Sukrit Ganesh\Documents\UIUC_Material\Semester4\CS419\Assignments_CPP\MP2_AcceleratedRayTracing\MP2_AcceleratedRayTracing\Camera.h(20,28): warning C4244: 'initializing': conversion from 'double' to 'const int', possible loss of data
  Generating Code...
C:\Users\Sukrit Ganesh\Documents\UIUC_Material\Semester4\CS419\Assignments_CPP\MP2_AcceleratedRayTracing\MP2_AcceleratedRayTracing\LightSource.cpp(32): warning C4172: returning address of local variable or temporary
C:\Users\Sukrit Ganesh\Documents\UIUC_Material\Semester4\CS419\Assignments_CPP\MP2_AcceleratedRayTracing\MP2_AcceleratedRayTracing\BVHNode.cpp(207): warning C4172: returning address of local variable or temporary
  MP2_AcceleratedRayTracing.vcxproj -> C:\Users\Sukrit Ganesh\Documents\UIUC_Material\Semester4\CS419\Assignments_CPP\MP2_AcceleratedRayTracing\x64\Debug\MP2_AcceleratedRayTracing.exe
